G222_quads/app/build/intermediates/manifest_merge_blame_file/debug/processDebugMainManifest/manifest-merger-blame-debug-report.txt
1<?xml version="1.0" encoding="utf-8"?>
2<manifest xmlns:android="http://schemas.android.com/apk/res/android"
3    package="es.unizar.eina.g222_quads"
4    android:versionCode="1"
5    android:versionName="1.0" >
6
7    <uses-sdk
8        android:minSdkVersion="24"
9        android:targetSdkVersion="35" />
10
11    <permission
11-->[androidx.core:core:1.13.1] AndroidManifest.xml:22:5-24:47
12        android:name="es.unizar.eina.g222_quads.DYNAMIC_RECEIVER_NOT_EXPORTED_PERMISSION"
12-->[androidx.core:core:1.13.1] AndroidManifest.xml:23:9-81
13        android:protectionLevel="signature" />
13-->[androidx.core:core:1.13.1] AndroidManifest.xml:24:9-44
14
15    <uses-permission android:name="es.unizar.eina.g222_quads.DYNAMIC_RECEIVER_NOT_EXPORTED_PERMISSION" />
15-->[androidx.core:core:1.13.1] AndroidManifest.xml:26:5-97
15-->[androidx.core:core:1.13.1] AndroidManifest.xml:26:22-94
16
17    <application
17-->src\main\AndroidManifest.xml:5:5-66:19
18        android:allowBackup="true"
18-->src\main\AndroidManifest.xml:6:9-35
19        android:appComponentFactory="androidx.core.app.CoreComponentFactory"
19-->[androidx.core:core:1.13.1] AndroidManifest.xml:28:18-86
20        android:dataExtractionRules="@xml/data_extraction_rules"
20-->src\main\AndroidManifest.xml:7:9-65
21        android:debuggable="true"
22        android:extractNativeLibs="false"
23        android:fullBackupContent="@xml/backup_rules"
23-->src\main\AndroidManifest.xml:8:9-54
24        android:icon="@mipmap/ic_launcher"
24-->src\main\AndroidManifest.xml:9:9-43
25        android:label="@string/app_name"
25-->src\main\AndroidManifest.xml:10:9-41
26        android:roundIcon="@mipmap/ic_launcher_round"
26-->src\main\AndroidManifest.xml:11:9-54
27        android:supportsRtl="true"
27-->src\main\AndroidManifest.xml:12:9-35
28        android:testOnly="true"
29        android:theme="@style/AppTheme" >
29-->src\main\AndroidManifest.xml:13:9-40
30        <activity
30-->src\main\AndroidManifest.xml:15:9-17:40
31            android:name="es.unizar.eina.g222_quads.ui.quads.QuadModify"
31-->src\main\AndroidManifest.xml:16:13-48
32            android:exported="false" />
32-->src\main\AndroidManifest.xml:17:13-37
33        <activity
33-->src\main\AndroidManifest.xml:19:9-21:40
34            android:name="es.unizar.eina.g222_quads.ui.reservas.ReservaModify"
34-->src\main\AndroidManifest.xml:20:13-54
35            android:exported="false" />
35-->src\main\AndroidManifest.xml:21:13-37
36
37        <!-- Lists -->
38        <activity
38-->src\main\AndroidManifest.xml:24:9-26:40
39            android:name="es.unizar.eina.g222_quads.ui.quads.G222_QuadsList"
39-->src\main\AndroidManifest.xml:25:13-52
40            android:exported="false" />
40-->src\main\AndroidManifest.xml:26:13-37
41        <activity
41-->src\main\AndroidManifest.xml:28:9-30:40
42            android:name="es.unizar.eina.g222_quads.ui.reservas.G222_ReservasList"
42-->src\main\AndroidManifest.xml:29:13-58
43            android:exported="false" />
43-->src\main\AndroidManifest.xml:30:13-37
44        <activity
44-->src\main\AndroidManifest.xml:32:9-34:40
45            android:name="es.unizar.eina.g222_quads.ui.quads.QuadDetail"
45-->src\main\AndroidManifest.xml:33:13-48
46            android:exported="false" />
46-->src\main\AndroidManifest.xml:34:13-37
47        <activity
47-->src\main\AndroidManifest.xml:36:9-38:40
48            android:name="es.unizar.eina.g222_quads.ui.reservas.ReservaDetail"
48-->src\main\AndroidManifest.xml:37:13-54
49            android:exported="false" />
49-->src\main\AndroidManifest.xml:38:13-37
50        <activity
50-->src\main\AndroidManifest.xml:40:9-42:40
51            android:name="es.unizar.eina.g222_quads.ui.reservas.ReservaSelectQuads"
51-->src\main\AndroidManifest.xml:41:13-59
52            android:exported="false" />
52-->src\main\AndroidManifest.xml:42:13-37
53        <activity
53-->src\main\AndroidManifest.xml:44:9-46:40
54            android:name="es.unizar.eina.g222_quads.ui.reservas.ReservaConfirm"
54-->src\main\AndroidManifest.xml:45:13-55
55            android:exported="false" />
55-->src\main\AndroidManifest.xml:46:13-37
56        <activity
56-->src\main\AndroidManifest.xml:48:9-50:40
57            android:name="es.unizar.eina.g222_quads.ui.quads.TestQuadActivity"
57-->src\main\AndroidManifest.xml:49:13-54
58            android:exported="false" />
58-->src\main\AndroidManifest.xml:50:13-37
59        <activity
59-->src\main\AndroidManifest.xml:52:9-54:40
60            android:name="es.unizar.eina.g222_quads.ui.reservas.TestReservaActivity"
60-->src\main\AndroidManifest.xml:53:13-60
61            android:exported="false" />
61-->src\main\AndroidManifest.xml:54:13-37
62
63        <!-- Main activity -->
64        <activity
64-->src\main\AndroidManifest.xml:57:9-64:20
65            android:name="es.unizar.eina.g222_quads.ui.quads.G222_quads"
65-->src\main\AndroidManifest.xml:58:13-48
66            android:exported="true" >
66-->src\main\AndroidManifest.xml:59:13-36
67            <intent-filter>
67-->src\main\AndroidManifest.xml:60:13-63:29
68                <action android:name="android.intent.action.MAIN" />
68-->src\main\AndroidManifest.xml:61:17-69
68-->src\main\AndroidManifest.xml:61:25-66
69
70                <category android:name="android.intent.category.LAUNCHER" />
70-->src\main\AndroidManifest.xml:62:17-77
70-->src\main\AndroidManifest.xml:62:27-74
71            </intent-filter>
72        </activity>
73
74        <service
74-->[androidx.room:room-runtime-android:2.8.4] AndroidManifest.xml:24:9-28:63
75            android:name="androidx.room.MultiInstanceInvalidationService"
75-->[androidx.room:room-runtime-android:2.8.4] AndroidManifest.xml:25:13-74
76            android:directBootAware="true"
76-->[androidx.room:room-runtime-android:2.8.4] AndroidManifest.xml:26:13-43
77            android:exported="false" />
77-->[androidx.room:room-runtime-android:2.8.4] AndroidManifest.xml:27:13-37
78
79        <provider
79-->[androidx.emoji2:emoji2:1.3.0] AndroidManifest.xml:24:9-32:20
80            android:name="androidx.startup.InitializationProvider"
80-->[androidx.emoji2:emoji2:1.3.0] AndroidManifest.xml:25:13-67
81            android:authorities="es.unizar.eina.g222_quads.androidx-startup"
81-->[androidx.emoji2:emoji2:1.3.0] AndroidManifest.xml:26:13-68
82            android:exported="false" >
82-->[androidx.emoji2:emoji2:1.3.0] AndroidManifest.xml:27:13-37
83            <meta-data
83-->[androidx.emoji2:emoji2:1.3.0] AndroidManifest.xml:29:13-31:52
84                android:name="androidx.emoji2.text.EmojiCompatInitializer"
84-->[androidx.emoji2:emoji2:1.3.0] AndroidManifest.xml:30:17-75
85                android:value="androidx.startup" />
85-->[androidx.emoji2:emoji2:1.3.0] AndroidManifest.xml:31:17-49
86            <meta-data
86-->[androidx.lifecycle:lifecycle-process:2.10.0] AndroidManifest.xml:29:13-31:52
87                android:name="androidx.lifecycle.ProcessLifecycleInitializer"
87-->[androidx.lifecycle:lifecycle-process:2.10.0] AndroidManifest.xml:30:17-78
88                android:value="androidx.startup" />
88-->[androidx.lifecycle:lifecycle-process:2.10.0] AndroidManifest.xml:31:17-49
89            <meta-data
89-->[androidx.profileinstaller:profileinstaller:1.4.0] AndroidManifest.xml:29:13-31:52
90                android:name="androidx.profileinstaller.ProfileInstallerInitializer"
90-->[androidx.profileinstaller:profileinstaller:1.4.0] AndroidManifest.xml:30:17-85
91                android:value="androidx.startup" />
91-->[androidx.profileinstaller:profileinstaller:1.4.0] AndroidManifest.xml:31:17-49
92        </provider>
93
94        <receiver
94-->[androidx.profileinstaller:profileinstaller:1.4.0] AndroidManifest.xml:34:9-52:20
95            android:name="androidx.profileinstaller.ProfileInstallReceiver"
95-->[androidx.profileinstaller:profileinstaller:1.4.0] AndroidManifest.xml:35:13-76
96            android:directBootAware="false"
96-->[androidx.profileinstaller:profileinstaller:1.4.0] AndroidManifest.xml:36:13-44
97            android:enabled="true"
97-->[androidx.profileinstaller:profileinstaller:1.4.0] AndroidManifest.xml:37:13-35
98            android:exported="true"
98-->[androidx.profileinstaller:profileinstaller:1.4.0] AndroidManifest.xml:38:13-36
99            android:permission="android.permission.DUMP" >
99-->[androidx.profileinstaller:profileinstaller:1.4.0] AndroidManifest.xml:39:13-57
100            <intent-filter>
100-->[androidx.profileinstaller:profileinstaller:1.4.0] AndroidManifest.xml:40:13-42:29
101                <action android:name="androidx.profileinstaller.action.INSTALL_PROFILE" />
101-->[androidx.profileinstaller:profileinstaller:1.4.0] AndroidManifest.xml:41:17-91
101-->[androidx.profileinstaller:profileinstaller:1.4.0] AndroidManifest.xml:41:25-88
102            </intent-filter>
103            <intent-filter>
103-->[androidx.profileinstaller:profileinstaller:1.4.0] AndroidManifest.xml:43:13-45:29
104                <action android:name="androidx.profileinstaller.action.SKIP_FILE" />
104-->[androidx.profileinstaller:profileinstaller:1.4.0] AndroidManifest.xml:44:17-85
104-->[androidx.profileinstaller:profileinstaller:1.4.0] AndroidManifest.xml:44:25-82
105            </intent-filter>
106            <intent-filter>
106-->[androidx.profileinstaller:profileinstaller:1.4.0] AndroidManifest.xml:46:13-48:29
107                <action android:name="androidx.profileinstaller.action.SAVE_PROFILE" />
107-->[androidx.profileinstaller:profileinstaller:1.4.0] AndroidManifest.xml:47:17-88
107-->[androidx.profileinstaller:profileinstaller:1.4.0] AndroidManifest.xml:47:25-85
108            </intent-filter>
109            <intent-filter>
109-->[androidx.profileinstaller:profileinstaller:1.4.0] AndroidManifest.xml:49:13-51:29
110                <action android:name="androidx.profileinstaller.action.BENCHMARK_OPERATION" />
110-->[androidx.profileinstaller:profileinstaller:1.4.0] AndroidManifest.xml:50:17-95
110-->[androidx.profileinstaller:profileinstaller:1.4.0] AndroidManifest.xml:50:25-92
111            </intent-filter>
112        </receiver>
113    </application>
114
115</manifest>